app/build/outputs/logs/manifest-merger-debug-report.txt
-- Merging decision tree log ---
manifest
ADDED from src/main/AndroidManifest.xml:2:1-30:12
INJECTED from src/main/AndroidManifest.xml:2:1-30:12
INJECTED from src/main/AndroidManifest.xml:2:1-30:12
INJECTED from src/main/AndroidManifest.xml:2:1-30:12
MERGED from [com.android.support:appcompat-v7:28.0.0-rc02] AndroidManifest.xml:17:1-22:12
MERGED from [com.android.support:recyclerview-v7:28.0.0-rc02] AndroidManifest.xml:17:1-22:12
MERGED from [com.android.support:cardview-v7:28.0.0-rc02] AndroidManifest.xml:17:1-22:12
MERGED from [com.android.support:support-v4:28.0.0-rc02] AndroidManifest.xml:17:1-22:12
MERGED from [com.android.support.constraint:constraint-layout:1.1.3] AndroidManifest.xml:2:1-11:12
MERGED from [com.google.android.exoplayer:exoplayer:2.8.4] AndroidManifest.xml:17:1-24:12
MERGED from [android.arch.lifecycle:extensions:1.1.1] AndroidManifest.xml:17:1-30:12
MERGED from [com.android.support:animated-vector-drawable:28.0.0-rc02] AndroidManifest.xml:17:1-22:12
MERGED from [com.android.support:support-vector-drawable:28.0.0-rc02] AndroidManifest.xml:17:1-22:12
MERGED from [com.android.support:support-fragment:28.0.0-rc02] AndroidManifest.xml:17:1-22:12
MERGED from [com.android.support:support-core-ui:28.0.0-rc02] AndroidManifest.xml:17:1-22:12
MERGED from [com.android.support:viewpager:28.0.0-rc02] AndroidManifest.xml:17:1-22:12
MERGED from [com.android.support:coordinatorlayout:28.0.0-rc02] AndroidManifest.xml:17:1-22:12
MERGED from [com.android.support:drawerlayout:28.0.0-rc02] AndroidManifest.xml:17:1-22:12
MERGED from [com.android.support:slidingpanelayout:28.0.0-rc02] AndroidManifest.xml:17:1-22:12
MERGED from [com.android.support:customview:28.0.0-rc02] AndroidManifest.xml:17:1-22:12
MERGED from [com.android.support:swiperefreshlayout:28.0.0-rc02] AndroidManifest.xml:17:1-22:12
MERGED from [com.android.support:asynclayoutinflater:28.0.0-rc02] AndroidManifest.xml:17:1-22:12
MERGED from [android.arch.persistence.room:runtime:1.1.1] AndroidManifest.xml:17:1-22:12
MERGED from [com.android.support:support-core-utils:28.0.0-rc02] AndroidManifest.xml:17:1-22:12
MERGED from [com.android.support:loader:28.0.0-rc02] AndroidManifest.xml:17:1-22:12
MERGED from [com.google.android.exoplayer:exoplayer-ui:2.8.4] AndroidManifest.xml:17:1-24:12
MERGED from [com.android.support:support-media-compat:28.0.0-rc02] AndroidManifest.xml:17:1-22:12
MERGED from [com.android.support:support-compat:28.0.0-rc02] AndroidManifest.xml:17:1-24:12
MERGED from [android.arch.lifecycle:runtime:1.1.1] AndroidManifest.xml:17:1-22:12
MERGED from [com.android.support:versionedparcelable:28.0.0-rc02] AndroidManifest.xml:17:1-25:12
MERGED from [com.android.support:cursoradapter:28.0.0-rc02] AndroidManifest.xml:17:1-22:12
MERGED from [com.google.android.exoplayer:exoplayer-dash:2.8.4] AndroidManifest.xml:17:1-24:12
MERGED from [com.google.android.exoplayer:exoplayer-hls:2.8.4] AndroidManifest.xml:17:1-24:12
MERGED from [com.google.android.exoplayer:exoplayer-smoothstreaming:2.8.4] AndroidManifest.xml:17:1-24:12
MERGED from [com.google.android.exoplayer:exoplayer-core:2.8.4] AndroidManifest.xml:17:1-26:12
MERGED from [android.arch.lifecycle:livedata:1.1.1] AndroidManifest.xml:17:1-22:12
MERGED from [android.arch.lifecycle:livedata-core:1.1.1] AndroidManifest.xml:17:1-22:12
MERGED from [android.arch.core:runtime:1.1.1] AndroidManifest.xml:17:1-22:12
MERGED from [android.arch.lifecycle:viewmodel:1.1.1] AndroidManifest.xml:17:1-22:12
MERGED from [android.arch.persistence:db-framework:1.1.1] AndroidManifest.xml:17:1-22:12
MERGED from [android.arch.persistence:db:1.1.1] AndroidManifest.xml:17:1-22:12
MERGED from [com.android.support:interpolator:28.0.0-rc02] AndroidManifest.xml:17:1-22:12
MERGED from [com.android.support:documentfile:28.0.0-rc02] AndroidManifest.xml:17:1-22:12
MERGED from [com.android.support:localbroadcastmanager:28.0.0-rc02] AndroidManifest.xml:17:1-22:12
MERGED from [com.android.support:print:28.0.0-rc02] AndroidManifest.xml:17:1-22:12
INJECTED from src/main/AndroidManifest.xml:2:1-30:12
INJECTED from src/main/AndroidManifest.xml:2:1-30:12
INJECTED from src/main/AndroidManifest.xml:2:1-30:12
	package
		ADDED from src/main/AndroidManifest.xml:3:5-39
		INJECTED from src/main/AndroidManifest.xml
		INJECTED from src/main/AndroidManifest.xml
	android:versionName
		INJECTED from src/main/AndroidManifest.xml
		ADDED from src/main/AndroidManifest.xml:2:1-30:12
		INJECTED from src/main/AndroidManifest.xml
	android:versionCode
		INJECTED from src/main/AndroidManifest.xml
		ADDED from src/main/AndroidManifest.xml:2:1-30:12
		INJECTED from src/main/AndroidManifest.xml
	xmlns:android
		ADDED from src/main/AndroidManifest.xml:2:11-69
uses-permission#android.permission.INTERNET
ADDED from src/main/AndroidManifest.xml:5:5-67
	android:name
		ADDED from src/main/AndroidManifest.xml:5:22-64
application
ADDED from src/main/AndroidManifest.xml:7:5-28:19
MERGED from [com.android.support.constraint:constraint-layout:1.1.3] AndroidManifest.xml:9:5-20
MERGED from [com.android.support.constraint:constraint-layout:1.1.3] AndroidManifest.xml:9:5-20
MERGED from [android.arch.lifecycle:extensions:1.1.1] AndroidManifest.xml:22:5-28:19
MERGED from [android.arch.lifecycle:extensions:1.1.1] AndroidManifest.xml:22:5-28:19
MERGED from [com.android.support:support-compat:28.0.0-rc02] AndroidManifest.xml:22:5-94
MERGED from [com.android.support:support-compat:28.0.0-rc02] AndroidManifest.xml:22:5-94
MERGED from [com.android.support:versionedparcelable:28.0.0-rc02] AndroidManifest.xml:22:5-23:19
MERGED from [com.android.support:versionedparcelable:28.0.0-rc02] AndroidManifest.xml:22:5-23:19
	android:appComponentFactory
		ADDED from [com.android.support:support-compat:28.0.0-rc02] AndroidManifest.xml:22:18-91
	android:supportsRtl
		ADDED from src/main/AndroidManifest.xml:12:9-35
	android:label
		ADDED from src/main/AndroidManifest.xml:11:9-41
	android:icon
		ADDED from src/main/AndroidManifest.xml:10:9-43
	android:allowBackup
		ADDED from src/main/AndroidManifest.xml:9:9-35
	android:theme
		ADDED from src/main/AndroidManifest.xml:13:9-40
	android:name
		ADDED from src/main/AndroidManifest.xml:8:9-28
activity#com.example.android.bake.ui.RecipesActivity
ADDED from src/main/AndroidManifest.xml:15:9-21:20
	android:name
		ADDED from src/main/AndroidManifest.xml:15:19-53
intent-filter#action:name:android.intent.action.MAIN+category:name:android.intent.category.LAUNCHER
ADDED from src/main/AndroidManifest.xml:16:13-20:29
action#android.intent.action.MAIN
ADDED from src/main/AndroidManifest.xml:17:17-69
	android:name
		ADDED from src/main/AndroidManifest.xml:17:25-66
category#android.intent.category.LAUNCHER
ADDED from src/main/AndroidManifest.xml:19:17-77
	android:name
		ADDED from src/main/AndroidManifest.xml:19:27-74
activity#com.example.android.bake.ui.RecipeDetailActivity
ADDED from src/main/AndroidManifest.xml:23:9-24:69
	android:parentActivityName
		ADDED from src/main/AndroidManifest.xml:24:13-66
	android:name
		ADDED from src/main/AndroidManifest.xml:23:19-58
activity#com.example.android.bake.ui.StepDetailActivity
ADDED from src/main/AndroidManifest.xml:26:9-27:68
	android:parentActivityName
		ADDED from src/main/AndroidManifest.xml:27:13-66
	android:name
		ADDED from src/main/AndroidManifest.xml:26:19-56
uses-sdk
INJECTED from src/main/AndroidManifest.xml reason: use-sdk injection requested
INJECTED from src/main/AndroidManifest.xml
INJECTED from src/main/AndroidManifest.xml
MERGED from [com.android.support:appcompat-v7:28.0.0-rc02] AndroidManifest.xml:20:5-44
MERGED from [com.android.support:appcompat-v7:28.0.0-rc02] AndroidManifest.xml:20:5-44
MERGED from [com.android.support:recyclerview-v7:28.0.0-rc02] AndroidManifest.xml:20:5-44
MERGED from [com.android.support:recyclerview-v7:28.0.0-rc02] AndroidManifest.xml:20:5-44
MERGED from [com.android.support:cardview-v7:28.0.0-rc02] AndroidManifest.xml:20:5-44
MERGED from [com.android.support:cardview-v7:28.0.0-rc02] AndroidManifest.xml:20:5-44
MERGED from [com.android.support:support-v4:28.0.0-rc02] AndroidManifest.xml:20:5-44
MERGED from [com.android.support:support-v4:28.0.0-rc02] AndroidManifest.xml:20:5-44
MERGED from [com.android.support.constraint:constraint-layout:1.1.3] AndroidManifest.xml:5:5-7:41
MERGED from [com.android.support.constraint:constraint-layout:1.1.3] AndroidManifest.xml:5:5-7:41
MERGED from [com.google.android.exoplayer:exoplayer:2.8.4] AndroidManifest.xml:20:5-22:41
MERGED from [com.google.android.exoplayer:exoplayer:2.8.4] AndroidManifest.xml:20:5-22:41
MERGED from [android.arch.lifecycle:extensions:1.1.1] AndroidManifest.xml:20:5-44
MERGED from [android.arch.lifecycle:extensions:1.1.1] AndroidManifest.xml:20:5-44
MERGED from [com.android.support:animated-vector-drawable:28.0.0-rc02] AndroidManifest.xml:20:5-44
MERGED from [com.android.support:animated-vector-drawable:28.0.0-rc02] AndroidManifest.xml:20:5-44
MERGED from [com.android.support:support-vector-drawable:28.0.0-rc02] AndroidManifest.xml:20:5-44
MERGED from [com.android.support:support-vector-drawable:28.0.0-rc02] AndroidManifest.xml:20:5-44
MERGED from [com.android.support:support-fragment:28.0.0-rc02] AndroidManifest.xml:20:5-44
MERGED from [com.android.support:support-fragment:28.0.0-rc02] AndroidManifest.xml:20:5-44
MERGED from [com.android.support:support-core-ui:28.0.0-rc02] AndroidManifest.xml:20:5-44
MERGED from [com.android.support:support-core-ui:28.0.0-rc02] AndroidManifest.xml:20:5-44
MERGED from [com.android.support:viewpager:28.0.0-rc02] AndroidManifest.xml:20:5-44
MERGED from [com.android.support:viewpager:28.0.0-rc02] AndroidManifest.xml:20:5-44
MERGED from [com.android.support:coordinatorlayout:28.0.0-rc02] AndroidManifest.xml:20:5-44
MERGED from [com.android.support:coordinatorlayout:28.0.0-rc02] AndroidManifest.xml:20:5-44
MERGED from [com.android.support:drawerlayout:28.0.0-rc02] AndroidManifest.xml:20:5-44
MERGED from [com.android.support:drawerlayout:28.0.0-rc02] AndroidManifest.xml:20:5-44
MERGED from [com.android.support:slidingpanelayout:28.0.0-rc02] AndroidManifest.xml:20:5-44
MERGED from [com.android.support:slidingpanelayout:28.0.0-rc02] AndroidManifest.xml:20:5-44
MERGED from [com.android.support:customview:28.0.0-rc02] AndroidManifest.xml:20:5-44
MERGED from [com.android.support:customview:28.0.0-rc02] AndroidManifest.xml:20:5-44
MERGED from [com.android.support:swiperefreshlayout:28.0.0-rc02] AndroidManifest.xml:20:5-44
MERGED from [com.android.support:swiperefreshlayout:28.0.0-rc02] AndroidManifest.xml:20:5-44
MERGED from [com.android.support:asynclayoutinflater:28.0.0-rc02] AndroidManifest.xml:20:5-44
MERGED from [com.android.support:asynclayoutinflater:28.0.0-rc02] AndroidManifest.xml:20:5-44
MERGED from [android.arch.persistence.room:runtime:1.1.1] AndroidManifest.xml:20:5-44
MERGED from [android.arch.persistence.room:runtime:1.1.1] AndroidManifest.xml:20:5-44
MERGED from [com.android.support:support-core-utils:28.0.0-rc02] AndroidManifest.xml:20:5-44
MERGED from [com.android.support:support-core-utils:28.0.0-rc02] AndroidManifest.xml:20:5-44
MERGED from [com.android.support:loader:28.0.0-rc02] AndroidManifest.xml:20:5-44
MERGED from [com.android.support:loader:28.0.0-rc02] AndroidManifest.xml:20:5-44
MERGED from [com.google.android.exoplayer:exoplayer-ui:2.8.4] AndroidManifest.xml:20:5-22:41
MERGED from [com.google.android.exoplayer:exoplayer-ui:2.8.4] AndroidManifest.xml:20:5-22:41
MERGED from [com.android.support:support-media-compat:28.0.0-rc02] AndroidManifest.xml:20:5-44
MERGED from [com.android.support:support-media-compat:28.0.0-rc02] AndroidManifest.xml:20:5-44
MERGED from [com.android.support:support-compat:28.0.0-rc02] AndroidManifest.xml:20:5-44
MERGED from [com.android.support:support-compat:28.0.0-rc02] AndroidManifest.xml:20:5-44
MERGED from [android.arch.lifecycle:runtime:1.1.1] AndroidManifest.xml:20:5-44
MERGED from [android.arch.lifecycle:runtime:1.1.1] AndroidManifest.xml:20:5-44
MERGED from [com.android.support:versionedparcelable:28.0.0-rc02] AndroidManifest.xml:20:5-44
MERGED from [com.android.support:versionedparcelable:28.0.0-rc02] AndroidManifest.xml:20:5-44
MERGED from [com.android.support:cursoradapter:28.0.0-rc02] AndroidManifest.xml:20:5-44
MERGED from [com.android.support:cursoradapter:28.0.0-rc02] AndroidManifest.xml:20:5-44
MERGED from [com.google.android.exoplayer:exoplayer-dash:2.8.4] AndroidManifest.xml:20:5-22:41
MERGED from [com.google.android.exoplayer:exoplayer-dash:2.8.4] AndroidManifest.xml:20:5-22:41
MERGED from [com.google.android.exoplayer:exoplayer-hls:2.8.4] AndroidManifest.xml:20:5-22:41
MERGED from [com.google.android.exoplayer:exoplayer-hls:2.8.4] AndroidManifest.xml:20:5-22:41
MERGED from [com.google.android.exoplayer:exoplayer-smoothstreaming:2.8.4] AndroidManifest.xml:20:5-22:41
MERGED from [com.google.android.exoplayer:exoplayer-smoothstreaming:2.8.4] AndroidManifest.xml:20:5-22:41
MERGED from [com.google.android.exoplayer:exoplayer-core:2.8.4] AndroidManifest.xml:20:5-22:41
MERGED from [com.google.android.exoplayer:exoplayer-core:2.8.4] AndroidManifest.xml:20:5-22:41
MERGED from [android.arch.lifecycle:livedata:1.1.1] AndroidManifest.xml:20:5-44
MERGED from [android.arch.lifecycle:livedata:1.1.1] AndroidManifest.xml:20:5-44
MERGED from [android.arch.lifecycle:livedata-core:1.1.1] AndroidManifest.xml:20:5-44
MERGED from [android.arch.lifecycle:livedata-core:1.1.1] AndroidManifest.xml:20:5-44
MERGED from [android.arch.core:runtime:1.1.1] AndroidManifest.xml:20:5-44
MERGED from [android.arch.core:runtime:1.1.1] AndroidManifest.xml:20:5-44
MERGED from [android.arch.lifecycle:viewmodel:1.1.1] AndroidManifest.xml:20:5-44
MERGED from [android.arch.lifecycle:viewmodel:1.1.1] AndroidManifest.xml:20:5-44
MERGED from [android.arch.persistence:db-framework:1.1.1] AndroidManifest.xml:20:5-44
MERGED from [android.arch.persistence:db-framework:1.1.1] AndroidManifest.xml:20:5-44
MERGED from [android.arch.persistence:db:1.1.1] AndroidManifest.xml:20:5-44
MERGED from [android.arch.persistence:db:1.1.1] AndroidManifest.xml:20:5-44
MERGED from [com.android.support:interpolator:28.0.0-rc02] AndroidManifest.xml:20:5-44
MERGED from [com.android.support:interpolator:28.0.0-rc02] AndroidManifest.xml:20:5-44
MERGED from [com.android.support:documentfile:28.0.0-rc02] AndroidManifest.xml:20:5-44
MERGED from [com.android.support:documentfile:28.0.0-rc02] AndroidManifest.xml:20:5-44
MERGED from [com.android.support:localbroadcastmanager:28.0.0-rc02] AndroidManifest.xml:20:5-44
MERGED from [com.android.support:localbroadcastmanager:28.0.0-rc02] AndroidManifest.xml:20:5-44
MERGED from [com.android.support:print:28.0.0-rc02] AndroidManifest.xml:20:5-44
MERGED from [com.android.support:print:28.0.0-rc02] AndroidManifest.xml:20:5-44
INJECTED from src/main/AndroidManifest.xml
INJECTED from src/main/AndroidManifest.xml
	android:targetSdkVersion
		INJECTED from src/main/AndroidManifest.xml
		ADDED from src/main/AndroidManifest.xml
		INJECTED from src/main/AndroidManifest.xml
	android:minSdkVersion
		INJECTED from src/main/AndroidManifest.xml
		ADDED from src/main/AndroidManifest.xml
		INJECTED from src/main/AndroidManifest.xml
provider#android.arch.lifecycle.ProcessLifecycleOwnerInitializer
ADDED from [android.arch.lifecycle:extensions:1.1.1] AndroidManifest.xml:23:9-27:43
	android:authorities
		ADDED from [android.arch.lifecycle:extensions:1.1.1] AndroidManifest.xml:25:13-68
	android:multiprocess
		ADDED from [android.arch.lifecycle:extensions:1.1.1] AndroidManifest.xml:27:13-40
	android:exported
		ADDED from [android.arch.lifecycle:extensions:1.1.1] AndroidManifest.xml:26:13-37
	android:name
		ADDED from [android.arch.lifecycle:extensions:1.1.1] AndroidManifest.xml:24:13-83
uses-permission#android.permission.ACCESS_NETWORK_STATE
ADDED from [com.google.android.exoplayer:exoplayer-core:2.8.4] AndroidManifest.xml:24:5-79
	android:name
		ADDED from [com.google.android.exoplayer:exoplayer-core:2.8.4] AndroidManifest.xml:24:22-76